# JRE version: Java(TM) SE Runtime Environment (7.0_51-b13) (build 1.7.0_51-b13)
# Java VM: Java HotSpot(TM) 64-Bit Server VM (24.51-b03 mixed mode bsd-amd64 compressed oops)
Heap
 PSYoungGen      total 73216K, used 46092K [0x00000007d5500000, 0x00000007dd700000, 0x0000000800000000)
  eden space 72704K, 63% used [0x00000007d5500000,0x00000007d81db3f8,0x00000007d9c00000)
  from space 512K, 31% used [0x00000007dd680000,0x00000007dd6a8000,0x00000007dd700000)
  to   space 1024K, 0% used [0x00000007dd500000,0x00000007dd500000,0x00000007dd600000)
 ParOldGen       total 174592K, used 1181K [0x0000000780000000, 0x000000078aa80000, 0x00000007d5500000)
  object space 174592K, 0% used [0x0000000780000000,0x0000000780127780,0x000000078aa80000)
 PSPermGen       total 21504K, used 4345K [0x000000077ae00000, 0x000000077c300000, 0x0000000780000000)
  object space 21504K, 20% used [0x000000077ae00000,0x000000077b23e538,0x000000077c300000)
GC Heap History (10 events):
Event: 39.178 GC heap before
{Heap before GC invocations=22 (full 0):
 PSYoungGen      total 83456K, used 82080K [0x00000007d5500000, 0x00000007dd900000, 0x0000000800000000)
  eden space 81920K, 100% used [0x00000007d5500000,0x00000007da500000,0x00000007da500000)
  from space 1536K, 10% used [0x00000007dd600000,0x00000007dd628000,0x00000007dd780000)
  to   space 1536K, 0% used [0x00000007dd780000,0x00000007dd780000,0x00000007dd900000)
 ParOldGen       total 174592K, used 1125K [0x0000000780000000, 0x000000078aa80000, 0x00000007d5500000)
  object space 174592K, 0% used [0x0000000780000000,0x0000000780119780,0x000000078aa80000)
 PSPermGen       total 21504K, used 4337K [0x000000077ae00000, 0x000000077c300000, 0x0000000780000000)
  object space 21504K, 20% used [0x000000077ae00000,0x000000077b23c510,0x000000077c300000)
Event: 39.183 GC heap after
Heap after GC invocations=22 (full 0):
 PSYoungGen      total 80384K, used 160K [0x00000007d5500000, 0x00000007dd800000, 0x0000000800000000)
  eden space 79872K, 0% used [0x00000007d5500000,0x00000007d5500000,0x00000007da300000)
  from space 512K, 31% used [0x00000007dd780000,0x00000007dd7a8000,0x00000007dd800000)
  to   space 1024K, 0% used [0x00000007dd600000,0x00000007dd600000,0x00000007dd700000)
 ParOldGen       total 174592K, used 1141K [0x0000000780000000, 0x000000078aa80000, 0x00000007d5500000)
  object space 174592K, 0% used [0x0000000780000000,0x000000078011d780,0x000000078aa80000)
 PSPermGen       total 21504K, used 4337K [0x000000077ae00000, 0x000000077c300000, 0x0000000780000000)
  object space 21504K, 20% used [0x000000077ae00000,0x000000077b23c510,0x000000077c300000)
}
Event: 40.087 GC heap before
{Heap before GC invocations=23 (full 0):
 PSYoungGen      total 80384K, used 80032K [0x00000007d5500000, 0x00000007dd800000, 0x0000000800000000)
  eden space 79872K, 100% used [0x00000007d5500000,0x00000007da300000,0x00000007da300000)
  from space 512K, 31% used [0x00000007dd780000,0x00000007dd7a8000,0x00000007dd800000)
  to   space 1024K, 0% used [0x00000007dd600000,0x00000007dd600000,0x00000007dd700000)
 ParOldGen       total 174592K, used 1141K [0x0000000780000000, 0x000000078aa80000, 0x00000007d5500000)
  object space 174592K, 0% used [0x0000000780000000,0x000000078011d780,0x000000078aa80000)
 PSPermGen       total 21504K, used 4338K [0x000000077ae00000, 0x000000077c300000, 0x0000000780000000)
  object space 21504K, 20% used [0x000000077ae00000,0x000000077b23ca98,0x000000077c300000)
Event: 40.089 GC heap after
Heap after GC invocations=23 (full 0):
 PSYoungGen      total 78848K, used 192K [0x00000007d5500000, 0x00000007dd800000, 0x0000000800000000)
  eden space 77824K, 0% used [0x00000007d5500000,0x00000007d5500000,0x00000007da100000)
  from space 1024K, 18% used [0x00000007dd600000,0x00000007dd630000,0x00000007dd700000)
  to   space 1024K, 0% used [0x00000007dd700000,0x00000007dd700000,0x00000007dd800000)
 ParOldGen       total 174592K, used 1149K [0x0000000780000000, 0x000000078aa80000, 0x00000007d5500000)
  object space 174592K, 0% used [0x0000000780000000,0x000000078011f780,0x000000078aa80000)
 PSPermGen       total 21504K, used 4338K [0x000000077ae00000, 0x000000077c300000, 0x0000000780000000)
  object space 21504K, 20% used [0x000000077ae00000,0x000000077b23ca98,0x000000077c300000)
}
Event: 40.990 GC heap before
{Heap before GC invocations=24 (full 0):
 PSYoungGen      total 78848K, used 78016K [0x00000007d5500000, 0x00000007dd800000, 0x0000000800000000)
  eden space 77824K, 100% used [0x00000007d5500000,0x00000007da100000,0x00000007da100000)
  from space 1024K, 18% used [0x00000007dd600000,0x00000007dd630000,0x00000007dd700000)
  to   space 1024K, 0% used [0x00000007dd700000,0x00000007dd700000,0x00000007dd800000)
 ParOldGen       total 174592K, used 1149K [0x0000000780000000, 0x000000078aa80000, 0x00000007d5500000)
  object space 174592K, 0% used [0x0000000780000000,0x000000078011f780,0x000000078aa80000)
 PSPermGen       total 21504K, used 4338K [0x000000077ae00000, 0x000000077c300000, 0x0000000780000000)
  object space 21504K, 20% used [0x000000077ae00000,0x000000077b23ca98,0x000000077c300000)
Event: 41.000 GC heap after
Heap after GC invocations=24 (full 0):
 PSYoungGen      total 76288K, used 192K [0x00000007d5500000, 0x00000007dd780000, 0x0000000800000000)
  eden space 75776K, 0% used [0x00000007d5500000,0x00000007d5500000,0x00000007d9f00000)
  from space 512K, 37% used [0x00000007dd700000,0x00000007dd730000,0x00000007dd780000)
  to   space 1024K, 0% used [0x00000007dd580000,0x00000007dd580000,0x00000007dd680000)
 ParOldGen       total 174592K, used 1157K [0x0000000780000000, 0x000000078aa80000, 0x00000007d5500000)
  object space 174592K, 0% used [0x0000000780000000,0x0000000780121780,0x000000078aa80000)
 PSPermGen       total 21504K, used 4338K [0x000000077ae00000, 0x000000077c300000, 0x0000000780000000)
  object space 21504K, 20% used [0x000000077ae00000,0x000000077b23ca98,0x000000077c300000)
}
Event: 41.799 GC heap before
{Heap before GC invocations=25 (full 0):
 PSYoungGen      total 76288K, used 75968K [0x00000007d5500000, 0x00000007dd780000, 0x0000000800000000)
  eden space 75776K, 100% used [0x00000007d5500000,0x00000007d9f00000,0x00000007d9f00000)
  from space 512K, 37% used [0x00000007dd700000,0x00000007dd730000,0x00000007dd780000)
  to   space 1024K, 0% used [0x00000007dd580000,0x00000007dd580000,0x00000007dd680000)
 ParOldGen       total 174592K, used 1157K [0x0000000780000000, 0x000000078aa80000, 0x00000007d5500000)
  object space 174592K, 0% used [0x0000000780000000,0x0000000780121780,0x000000078aa80000)
 PSPermGen       total 21504K, used 4340K [0x000000077ae00000, 0x000000077c300000, 0x0000000780000000)
  object space 21504K, 20% used [0x000000077ae00000,0x000000077b23d010,0x000000077c300000)
Event: 41.801 GC heap after
Heap after GC invocations=25 (full 0):
 PSYoungGen      total 75264K, used 224K [0x00000007d5500000, 0x00000007dd780000, 0x0000000800000000)
  eden space 74240K, 0% used [0x00000007d5500000,0x00000007d5500000,0x00000007d9d80000)
  from space 1024K, 21% used [0x00000007dd580000,0x00000007dd5b8000,0x00000007dd680000)
  to   space 1024K, 0% used [0x00000007dd680000,0x00000007dd680000,0x00000007dd780000)
 ParOldGen       total 174592K, used 1173K [0x0000000780000000, 0x000000078aa80000, 0x00000007d5500000)
  object space 174592K, 0% used [0x0000000780000000,0x0000000780125780,0x000000078aa80000)
 PSPermGen       total 21504K, used 4340K [0x000000077ae00000, 0x000000077c300000, 0x0000000780000000)
  object space 21504K, 20% used [0x000000077ae00000,0x000000077b23d010,0x000000077c300000)
}
Event: 42.627 GC heap before
{Heap before GC invocations=26 (full 0):
 PSYoungGen      total 75264K, used 74464K [0x00000007d5500000, 0x00000007dd780000, 0x0000000800000000)
  eden space 74240K, 100% used [0x00000007d5500000,0x00000007d9d80000,0x00000007d9d80000)
  from space 1024K, 21% used [0x00000007dd580000,0x00000007dd5b8000,0x00000007dd680000)
  to   space 1024K, 0% used [0x00000007dd680000,0x00000007dd680000,0x00000007dd780000)
 ParOldGen       total 174592K, used 1173K [0x0000000780000000, 0x000000078aa80000, 0x00000007d5500000)
  object space 174592K, 0% used [0x0000000780000000,0x0000000780125780,0x000000078aa80000)
 PSPermGen       total 21504K, used 4345K [0x000000077ae00000, 0x000000077c300000, 0x0000000780000000)
  object space 21504K, 20% used [0x000000077ae00000,0x000000077b23e480,0x000000077c300000)
Event: 42.628 GC heap after
Heap after GC invocations=26 (full 0):
 PSYoungGen      total 73216K, used 160K [0x00000007d5500000, 0x00000007dd700000, 0x0000000800000000)
  eden space 72704K, 0% used [0x00000007d5500000,0x00000007d5500000,0x00000007d9c00000)
  from space 512K, 31% used [0x00000007dd680000,0x00000007dd6a8000,0x00000007dd700000)
  to   space 1024K, 0% used [0x00000007dd500000,0x00000007dd500000,0x00000007dd600000)
 ParOldGen       total 174592K, used 1181K [0x0000000780000000, 0x000000078aa80000, 0x00000007d5500000)
  object space 174592K, 0% used [0x0000000780000000,0x0000000780127780,0x000000078aa80000)
 PSPermGen       total 21504K, used 4345K [0x000000077ae00000, 0x000000077c300000, 0x0000000780000000)
  object space 21504K, 20% used [0x000000077ae00000,0x000000077b23e480,0x000000077c300000)
}

