# JRE version: Java(TM) SE Runtime Environment (7.0_51-b13) (build 1.7.0_51-b13)
# Java VM: Java HotSpot(TM) 64-Bit Server VM (24.51-b03 mixed mode bsd-amd64 compressed oops)
Heap
 PSYoungGen      total 45568K, used 14185K [0x00000007d5500000, 0x00000007d9980000, 0x0000000800000000)
  eden space 45056K, 30% used [0x00000007d5500000,0x00000007d62a2540,0x00000007d8100000)
  from space 512K, 43% used [0x00000007d9900000,0x00000007d9938000,0x00000007d9980000)
  to   space 1024K, 0% used [0x00000007d9780000,0x00000007d9780000,0x00000007d9880000)
 ParOldGen       total 174592K, used 889K [0x0000000780000000, 0x000000078aa80000, 0x00000007d5500000)
  object space 174592K, 0% used [0x0000000780000000,0x00000007800de470,0x000000078aa80000)
 PSPermGen       total 21504K, used 4272K [0x000000077ae00000, 0x000000077c300000, 0x0000000780000000)
  object space 21504K, 19% used [0x000000077ae00000,0x000000077b22c048,0x000000077c300000)
GC Heap History (10 events):
Event: 56.872 GC heap before
{Heap before GC invocations=22 (full 0):
 PSYoungGen      total 48640K, used 47744K [0x00000007d5500000, 0x00000007d9b00000, 0x0000000800000000)
  eden space 47616K, 100% used [0x00000007d5500000,0x00000007d8380000,0x00000007d8380000)
  from space 1024K, 12% used [0x00000007d9900000,0x00000007d9920000,0x00000007d9a00000)
  to   space 1024K, 0% used [0x00000007d9a00000,0x00000007d9a00000,0x00000007d9b00000)
 ParOldGen       total 174592K, used 817K [0x0000000780000000, 0x000000078aa80000, 0x00000007d5500000)
  object space 174592K, 0% used [0x0000000780000000,0x00000007800cc470,0x000000078aa80000)
 PSPermGen       total 21504K, used 4268K [0x000000077ae00000, 0x000000077c300000, 0x0000000780000000)
  object space 21504K, 19% used [0x000000077ae00000,0x000000077b22b268,0x000000077c300000)
Event: 56.884 GC heap after
Heap after GC invocations=22 (full 0):
 PSYoungGen      total 47616K, used 192K [0x00000007d5500000, 0x00000007d9a80000, 0x0000000800000000)
  eden space 47104K, 0% used [0x00000007d5500000,0x00000007d5500000,0x00000007d8300000)
  from space 512K, 37% used [0x00000007d9a00000,0x00000007d9a30000,0x00000007d9a80000)
  to   space 1024K, 0% used [0x00000007d9880000,0x00000007d9880000,0x00000007d9980000)
 ParOldGen       total 174592K, used 825K [0x0000000780000000, 0x000000078aa80000, 0x00000007d5500000)
  object space 174592K, 0% used [0x0000000780000000,0x00000007800ce470,0x000000078aa80000)
 PSPermGen       total 21504K, used 4268K [0x000000077ae00000, 0x000000077c300000, 0x0000000780000000)
  object space 21504K, 19% used [0x000000077ae00000,0x000000077b22b268,0x000000077c300000)
}
Event: 58.511 GC heap before
{Heap before GC invocations=23 (full 0):
 PSYoungGen      total 47616K, used 47296K [0x00000007d5500000, 0x00000007d9a80000, 0x0000000800000000)
  eden space 47104K, 100% used [0x00000007d5500000,0x00000007d8300000,0x00000007d8300000)
  from space 512K, 37% used [0x00000007d9a00000,0x00000007d9a30000,0x00000007d9a80000)
  to   space 1024K, 0% used [0x00000007d9880000,0x00000007d9880000,0x00000007d9980000)
 ParOldGen       total 174592K, used 825K [0x0000000780000000, 0x000000078aa80000, 0x00000007d5500000)
  object space 174592K, 0% used [0x0000000780000000,0x00000007800ce470,0x000000078aa80000)
 PSPermGen       total 21504K, used 4268K [0x000000077ae00000, 0x000000077c300000, 0x0000000780000000)
  object space 21504K, 19% used [0x000000077ae00000,0x000000077b22b268,0x000000077c300000)
Event: 58.512 GC heap after
Heap after GC invocations=23 (full 0):
 PSYoungGen      total 47616K, used 96K [0x00000007d5500000, 0x00000007d9a80000, 0x0000000800000000)
  eden space 46592K, 0% used [0x00000007d5500000,0x00000007d5500000,0x00000007d8280000)
  from space 1024K, 9% used [0x00000007d9880000,0x00000007d9898000,0x00000007d9980000)
  to   space 1024K, 0% used [0x00000007d9980000,0x00000007d9980000,0x00000007d9a80000)
 ParOldGen       total 174592K, used 857K [0x0000000780000000, 0x000000078aa80000, 0x00000007d5500000)
  object space 174592K, 0% used [0x0000000780000000,0x00000007800d6470,0x000000078aa80000)
 PSPermGen       total 21504K, used 4268K [0x000000077ae00000, 0x000000077c300000, 0x0000000780000000)
  object space 21504K, 19% used [0x000000077ae00000,0x000000077b22b268,0x000000077c300000)
}
Event: 59.759 GC heap before
{Heap before GC invocations=24 (full 0):
 PSYoungGen      total 47616K, used 46688K [0x00000007d5500000, 0x00000007d9a80000, 0x0000000800000000)
  eden space 46592K, 100% used [0x00000007d5500000,0x00000007d8280000,0x00000007d8280000)
  from space 1024K, 9% used [0x00000007d9880000,0x00000007d9898000,0x00000007d9980000)
  to   space 1024K, 0% used [0x00000007d9980000,0x00000007d9980000,0x00000007d9a80000)
 ParOldGen       total 174592K, used 857K [0x0000000780000000, 0x000000078aa80000, 0x00000007d5500000)
  object space 174592K, 0% used [0x0000000780000000,0x00000007800d6470,0x000000078aa80000)
 PSPermGen       total 21504K, used 4268K [0x000000077ae00000, 0x000000077c300000, 0x0000000780000000)
  object space 21504K, 19% used [0x000000077ae00000,0x000000077b22b2c8,0x000000077c300000)
Event: 59.760 GC heap after
Heap after GC invocations=24 (full 0):
 PSYoungGen      total 46592K, used 96K [0x00000007d5500000, 0x00000007d9a00000, 0x0000000800000000)
  eden space 46080K, 0% used [0x00000007d5500000,0x00000007d5500000,0x00000007d8200000)
  from space 512K, 18% used [0x00000007d9980000,0x00000007d9998000,0x00000007d9a00000)
  to   space 1024K, 0% used [0x00000007d9800000,0x00000007d9800000,0x00000007d9900000)
 ParOldGen       total 174592K, used 865K [0x0000000780000000, 0x000000078aa80000, 0x00000007d5500000)
  object space 174592K, 0% used [0x0000000780000000,0x00000007800d8470,0x000000078aa80000)
 PSPermGen       total 21504K, used 4268K [0x000000077ae00000, 0x000000077c300000, 0x0000000780000000)
  object space 21504K, 19% used [0x000000077ae00000,0x000000077b22b2c8,0x000000077c300000)
}
Event: 61.087 GC heap before
{Heap before GC invocations=25 (full 0):
 PSYoungGen      total 46592K, used 46176K [0x00000007d5500000, 0x00000007d9a00000, 0x0000000800000000)
  eden space 46080K, 100% used [0x00000007d5500000,0x00000007d8200000,0x00000007d8200000)
  from space 512K, 18% used [0x00000007d9980000,0x00000007d9998000,0x00000007d9a00000)
  to   space 1024K, 0% used [0x00000007d9800000,0x00000007d9800000,0x00000007d9900000)
 ParOldGen       total 174592K, used 865K [0x0000000780000000, 0x000000078aa80000, 0x00000007d5500000)
  object space 174592K, 0% used [0x0000000780000000,0x00000007800d8470,0x000000078aa80000)
 PSPermGen       total 21504K, used 4271K [0x000000077ae00000, 0x000000077c300000, 0x0000000780000000)
  object space 21504K, 19% used [0x000000077ae00000,0x000000077b22bcf0,0x000000077c300000)
Event: 61.100 GC heap after
Heap after GC invocations=25 (full 0):
 PSYoungGen      total 46592K, used 192K [0x00000007d5500000, 0x00000007d9a00000, 0x0000000800000000)
  eden space 45568K, 0% used [0x00000007d5500000,0x00000007d5500000,0x00000007d8180000)
  from space 1024K, 18% used [0x00000007d9800000,0x00000007d9830000,0x00000007d9900000)
  to   space 1024K, 0% used [0x00000007d9900000,0x00000007d9900000,0x00000007d9a00000)
 ParOldGen       total 174592K, used 873K [0x0000000780000000, 0x000000078aa80000, 0x00000007d5500000)
  object space 174592K, 0% used [0x0000000780000000,0x00000007800da470,0x000000078aa80000)
 PSPermGen       total 21504K, used 4271K [0x000000077ae00000, 0x000000077c300000, 0x0000000780000000)
  object space 21504K, 19% used [0x000000077ae00000,0x000000077b22bcf0,0x000000077c300000)
}
Event: 62.343 GC heap before
{Heap before GC invocations=26 (full 0):
 PSYoungGen      total 46592K, used 45760K [0x00000007d5500000, 0x00000007d9a00000, 0x0000000800000000)
  eden space 45568K, 100% used [0x00000007d5500000,0x00000007d8180000,0x00000007d8180000)
  from space 1024K, 18% used [0x00000007d9800000,0x00000007d9830000,0x00000007d9900000)
  to   space 1024K, 0% used [0x00000007d9900000,0x00000007d9900000,0x00000007d9a00000)
 ParOldGen       total 174592K, used 873K [0x0000000780000000, 0x000000078aa80000, 0x00000007d5500000)
  object space 174592K, 0% used [0x0000000780000000,0x00000007800da470,0x000000078aa80000)
 PSPermGen       total 21504K, used 4271K [0x000000077ae00000, 0x000000077c300000, 0x0000000780000000)
  object space 21504K, 19% used [0x000000077ae00000,0x000000077b22be58,0x000000077c300000)
Event: 62.345 GC heap after
Heap after GC invocations=26 (full 0):
 PSYoungGen      total 45568K, used 224K [0x00000007d5500000, 0x00000007d9980000, 0x0000000800000000)
  eden space 45056K, 0% used [0x00000007d5500000,0x00000007d5500000,0x00000007d8100000)
  from space 512K, 43% used [0x00000007d9900000,0x00000007d9938000,0x00000007d9980000)
  to   space 1024K, 0% used [0x00000007d9780000,0x00000007d9780000,0x00000007d9880000)
 ParOldGen       total 174592K, used 889K [0x0000000780000000, 0x000000078aa80000, 0x00000007d5500000)
  object space 174592K, 0% used [0x0000000780000000,0x00000007800de470,0x000000078aa80000)
 PSPermGen       total 21504K, used 4271K [0x000000077ae00000, 0x000000077c300000, 0x0000000780000000)
  object space 21504K, 19% used [0x000000077ae00000,0x000000077b22be58,0x000000077c300000)
}

