# JRE version: Java(TM) SE Runtime Environment (7.0_51-b13) (build 1.7.0_51-b13)
# Java VM: Java HotSpot(TM) 64-Bit Server VM (24.51-b03 mixed mode bsd-amd64 compressed oops)
Heap
 PSYoungGen      total 38400K, used 28406K [0x00000007d5500000, 0x00000007d9680000, 0x0000000800000000)
  eden space 37888K, 74% used [0x00000007d5500000,0x00000007d70a5a00,0x00000007d7a00000)
  from space 512K, 18% used [0x00000007d9580000,0x00000007d9598000,0x00000007d9600000)
  to   space 512K, 0% used [0x00000007d9600000,0x00000007d9600000,0x00000007d9680000)
 ParOldGen       total 174592K, used 1578K [0x0000000780000000, 0x000000078aa80000, 0x00000007d5500000)
  object space 174592K, 0% used [0x0000000780000000,0x000000078018aa60,0x000000078aa80000)
 PSPermGen       total 21504K, used 4308K [0x000000077ae00000, 0x000000077c300000, 0x0000000780000000)
  object space 21504K, 20% used [0x000000077ae00000,0x000000077b235318,0x000000077c300000)
GC Heap History (10 events):
Event: 276.104 GC heap before
{Heap before GC invocations=53 (full 0):
 PSYoungGen      total 40960K, used 40576K [0x00000007d5500000, 0x00000007d9680000, 0x0000000800000000)
  eden space 40448K, 100% used [0x00000007d5500000,0x00000007d7c80000,0x00000007d7c80000)
  from space 512K, 25% used [0x00000007d9600000,0x00000007d9620000,0x00000007d9680000)
  to   space 512K, 0% used [0x00000007d9580000,0x00000007d9580000,0x00000007d9600000)
 ParOldGen       total 174592K, used 1498K [0x0000000780000000, 0x000000078aa80000, 0x00000007d5500000)
  object space 174592K, 0% used [0x0000000780000000,0x0000000780176a60,0x000000078aa80000)
 PSPermGen       total 21504K, used 4307K [0x000000077ae00000, 0x000000077c300000, 0x0000000780000000)
  object space 21504K, 20% used [0x000000077ae00000,0x000000077b234e58,0x000000077c300000)
Event: 276.106 GC heap after
Heap after GC invocations=53 (full 0):
 PSYoungGen      total 40448K, used 128K [0x00000007d5500000, 0x00000007d9680000, 0x0000000800000000)
  eden space 39936K, 0% used [0x00000007d5500000,0x00000007d5500000,0x00000007d7c00000)
  from space 512K, 25% used [0x00000007d9580000,0x00000007d95a0000,0x00000007d9600000)
  to   space 512K, 0% used [0x00000007d9600000,0x00000007d9600000,0x00000007d9680000)
 ParOldGen       total 174592K, used 1498K [0x0000000780000000, 0x000000078aa80000, 0x00000007d5500000)
  object space 174592K, 0% used [0x0000000780000000,0x0000000780176a60,0x000000078aa80000)
 PSPermGen       total 21504K, used 4307K [0x000000077ae00000, 0x000000077c300000, 0x0000000780000000)
  object space 21504K, 20% used [0x000000077ae00000,0x000000077b234e58,0x000000077c300000)
}
Event: 276.789 GC heap before
{Heap before GC invocations=54 (full 0):
 PSYoungGen      total 40448K, used 40064K [0x00000007d5500000, 0x00000007d9680000, 0x0000000800000000)
  eden space 39936K, 100% used [0x00000007d5500000,0x00000007d7c00000,0x00000007d7c00000)
  from space 512K, 25% used [0x00000007d9580000,0x00000007d95a0000,0x00000007d9600000)
  to   space 512K, 0% used [0x00000007d9600000,0x00000007d9600000,0x00000007d9680000)
 ParOldGen       total 174592K, used 1498K [0x0000000780000000, 0x000000078aa80000, 0x00000007d5500000)
  object space 174592K, 0% used [0x0000000780000000,0x0000000780176a60,0x000000078aa80000)
 PSPermGen       total 21504K, used 4307K [0x000000077ae00000, 0x000000077c300000, 0x0000000780000000)
  object space 21504K, 20% used [0x000000077ae00000,0x000000077b234e58,0x000000077c300000)
Event: 276.803 GC heap after
Heap after GC invocations=54 (full 0):
 PSYoungGen      total 39936K, used 64K [0x00000007d5500000, 0x00000007d9680000, 0x0000000800000000)
  eden space 39424K, 0% used [0x00000007d5500000,0x00000007d5500000,0x00000007d7b80000)
  from space 512K, 12% used [0x00000007d9600000,0x00000007d9610000,0x00000007d9680000)
  to   space 512K, 0% used [0x00000007d9580000,0x00000007d9580000,0x00000007d9600000)
 ParOldGen       total 174592K, used 1522K [0x0000000780000000, 0x000000078aa80000, 0x00000007d5500000)
  object space 174592K, 0% used [0x0000000780000000,0x000000078017ca60,0x000000078aa80000)
 PSPermGen       total 21504K, used 4307K [0x000000077ae00000, 0x000000077c300000, 0x0000000780000000)
  object space 21504K, 20% used [0x000000077ae00000,0x000000077b234e58,0x000000077c300000)
}
Event: 277.618 GC heap before
{Heap before GC invocations=55 (full 0):
 PSYoungGen      total 39936K, used 39488K [0x00000007d5500000, 0x00000007d9680000, 0x0000000800000000)
  eden space 39424K, 100% used [0x00000007d5500000,0x00000007d7b80000,0x00000007d7b80000)
  from space 512K, 12% used [0x00000007d9600000,0x00000007d9610000,0x00000007d9680000)
  to   space 512K, 0% used [0x00000007d9580000,0x00000007d9580000,0x00000007d9600000)
 ParOldGen       total 174592K, used 1522K [0x0000000780000000, 0x000000078aa80000, 0x00000007d5500000)
  object space 174592K, 0% used [0x0000000780000000,0x000000078017ca60,0x000000078aa80000)
 PSPermGen       total 21504K, used 4307K [0x000000077ae00000, 0x000000077c300000, 0x0000000780000000)
  object space 21504K, 20% used [0x000000077ae00000,0x000000077b234fd8,0x000000077c300000)
Event: 277.620 GC heap after
Heap after GC invocations=55 (full 0):
 PSYoungGen      total 39424K, used 128K [0x00000007d5500000, 0x00000007d9680000, 0x0000000800000000)
  eden space 38912K, 0% used [0x00000007d5500000,0x00000007d5500000,0x00000007d7b00000)
  from space 512K, 25% used [0x00000007d9580000,0x00000007d95a0000,0x00000007d9600000)
  to   space 512K, 0% used [0x00000007d9600000,0x00000007d9600000,0x00000007d9680000)
 ParOldGen       total 174592K, used 1538K [0x0000000780000000, 0x000000078aa80000, 0x00000007d5500000)
  object space 174592K, 0% used [0x0000000780000000,0x0000000780180a60,0x000000078aa80000)
 PSPermGen       total 21504K, used 4307K [0x000000077ae00000, 0x000000077c300000, 0x0000000780000000)
  object space 21504K, 20% used [0x000000077ae00000,0x000000077b234fd8,0x000000077c300000)
}
Event: 278.347 GC heap before
{Heap before GC invocations=56 (full 0):
 PSYoungGen      total 39424K, used 39040K [0x00000007d5500000, 0x00000007d9680000, 0x0000000800000000)
  eden space 38912K, 100% used [0x00000007d5500000,0x00000007d7b00000,0x00000007d7b00000)
  from space 512K, 25% used [0x00000007d9580000,0x00000007d95a0000,0x00000007d9600000)
  to   space 512K, 0% used [0x00000007d9600000,0x00000007d9600000,0x00000007d9680000)
 ParOldGen       total 174592K, used 1538K [0x0000000780000000, 0x000000078aa80000, 0x00000007d5500000)
  object space 174592K, 0% used [0x0000000780000000,0x0000000780180a60,0x000000078aa80000)
 PSPermGen       total 21504K, used 4308K [0x000000077ae00000, 0x000000077c300000, 0x0000000780000000)
  object space 21504K, 20% used [0x000000077ae00000,0x000000077b2350b0,0x000000077c300000)
Event: 278.350 GC heap after
Heap after GC invocations=56 (full 0):
 PSYoungGen      total 38912K, used 96K [0x00000007d5500000, 0x00000007d9680000, 0x0000000800000000)
  eden space 38400K, 0% used [0x00000007d5500000,0x00000007d5500000,0x00000007d7a80000)
  from space 512K, 18% used [0x00000007d9600000,0x00000007d9618000,0x00000007d9680000)
  to   space 512K, 0% used [0x00000007d9580000,0x00000007d9580000,0x00000007d9600000)
 ParOldGen       total 174592K, used 1546K [0x0000000780000000, 0x000000078aa80000, 0x00000007d5500000)
  object space 174592K, 0% used [0x0000000780000000,0x0000000780182a60,0x000000078aa80000)
 PSPermGen       total 21504K, used 4308K [0x000000077ae00000, 0x000000077c300000, 0x0000000780000000)
  object space 21504K, 20% used [0x000000077ae00000,0x000000077b2350b0,0x000000077c300000)
}
Event: 279.177 GC heap before
{Heap before GC invocations=57 (full 0):
 PSYoungGen      total 38912K, used 38496K [0x00000007d5500000, 0x00000007d9680000, 0x0000000800000000)
  eden space 38400K, 100% used [0x00000007d5500000,0x00000007d7a80000,0x00000007d7a80000)
  from space 512K, 18% used [0x00000007d9600000,0x00000007d9618000,0x00000007d9680000)
  to   space 512K, 0% used [0x00000007d9580000,0x00000007d9580000,0x00000007d9600000)
 ParOldGen       total 174592K, used 1546K [0x0000000780000000, 0x000000078aa80000, 0x00000007d5500000)
  object space 174592K, 0% used [0x0000000780000000,0x0000000780182a60,0x000000078aa80000)
 PSPermGen       total 21504K, used 4308K [0x000000077ae00000, 0x000000077c300000, 0x0000000780000000)
  object space 21504K, 20% used [0x000000077ae00000,0x000000077b2350b0,0x000000077c300000)
Event: 279.178 GC heap after
Heap after GC invocations=57 (full 0):
 PSYoungGen      total 38400K, used 96K [0x00000007d5500000, 0x00000007d9680000, 0x0000000800000000)
  eden space 37888K, 0% used [0x00000007d5500000,0x00000007d5500000,0x00000007d7a00000)
  from space 512K, 18% used [0x00000007d9580000,0x00000007d9598000,0x00000007d9600000)
  to   space 512K, 0% used [0x00000007d9600000,0x00000007d9600000,0x00000007d9680000)
 ParOldGen       total 174592K, used 1578K [0x0000000780000000, 0x000000078aa80000, 0x00000007d5500000)
  object space 174592K, 0% used [0x0000000780000000,0x000000078018aa60,0x000000078aa80000)
 PSPermGen       total 21504K, used 4308K [0x000000077ae00000, 0x000000077c300000, 0x0000000780000000)
  object space 21504K, 20% used [0x000000077ae00000,0x000000077b2350b0,0x000000077c300000)
}

